[2025-06-29 07:55:29][INFO] 🚀 Запуск Rust Kafka Consumer...

[2025-06-29 07:55:29][INFO] ==================================

[2025-06-29 07:55:29][INFO] 🌍 Окружение: docker

[2025-06-29 07:55:29][INFO] ⚙️  Настройки:

[2025-06-29 07:55:29][INFO]    Kafka Brokers: kafka:29092

[2025-06-29 07:55:29][INFO]    Kafka Topic: test-topic

[2025-06-29 07:55:29][INFO]    Consumer Group: rust-kafka-consumer-group

[2025-06-29 07:55:29][INFO] ==================================

[2025-06-29 07:55:29][INFO] ⏳ Ожидаем запуска Kafka...

[2025-06-29 07:55:59][INFO] 📤 Инициализация producer'а...

[2025-06-29 07:55:59][INFO] 📤 Отправляем тестовые сообщения...

[2025-06-29 07:55:59][INFO] 📤 Отправляем тестовое сообщение...

[2025-06-29 07:55:59][INFO] ✅ Сообщение успешно отправлено:

[2025-06-29 07:55:59][INFO]    Topic: test-topic

[2025-06-29 07:55:59][INFO]    Partition: 0

[2025-06-29 07:55:59][INFO]    Offset: 42

[2025-06-29 07:55:59][INFO]    Key: test-key

[2025-06-29 07:55:59][INFO]    Payload: Привет из Rust Kafka Producer! Это тестовое сообщение.

[2025-06-29 07:55:59][INFO] 📤 Отправляем 5 тестовых сообщений с номерами...

[2025-06-29 07:55:59][INFO] ✅ Сообщение успешно отправлено:

[2025-06-29 07:55:59][INFO]    Topic: test-topic

[2025-06-29 07:55:59][INFO]    Partition: 0

[2025-06-29 07:55:59][INFO]    Offset: 43

[2025-06-29 07:55:59][INFO]    Key: test-key-1

[2025-06-29 07:55:59][INFO]    Payload: Тестовое сообщение номер 1

[2025-06-29 07:55:59][INFO] ✅ Сообщение 1 отправлено успешно

[2025-06-29 07:56:00][INFO] ✅ Сообщение успешно отправлено:

[2025-06-29 07:56:00][INFO]    Topic: test-topic

[2025-06-29 07:56:00][INFO]    Partition: 0

[2025-06-29 07:56:00][INFO]    Offset: 44

[2025-06-29 07:56:00][INFO]    Key: test-key-2

[2025-06-29 07:56:00][INFO]    Payload: Тестовое сообщение номер 2

[2025-06-29 07:56:00][INFO] ✅ Сообщение 2 отправлено успешно

[2025-06-29 07:56:00][INFO] ✅ Сообщение успешно отправлено:

[2025-06-29 07:56:00][INFO]    Topic: test-topic

[2025-06-29 07:56:00][INFO]    Partition: 0

[2025-06-29 07:56:00][INFO]    Offset: 45

[2025-06-29 07:56:00][INFO]    Key: test-key-3

[2025-06-29 07:56:00][INFO]    Payload: Тестовое сообщение номер 3

[2025-06-29 07:56:00][INFO] ✅ Сообщение 3 отправлено успешно

[2025-06-29 07:56:01][INFO] ✅ Сообщение успешно отправлено:

[2025-06-29 07:56:01][INFO]    Topic: test-topic

[2025-06-29 07:56:01][INFO]    Partition: 0

[2025-06-29 07:56:01][INFO]    Offset: 46

[2025-06-29 07:56:01][INFO]    Key: test-key-4

[2025-06-29 07:56:01][INFO]    Payload: Тестовое сообщение номер 4

[2025-06-29 07:56:01][INFO] ✅ Сообщение 4 отправлено успешно

[2025-06-29 07:56:01][INFO] ✅ Сообщение успешно отправлено:

[2025-06-29 07:56:01][INFO]    Topic: test-topic

[2025-06-29 07:56:01][INFO]    Partition: 0

[2025-06-29 07:56:01][INFO]    Offset: 47

[2025-06-29 07:56:01][INFO]    Key: test-key-5

[2025-06-29 07:56:01][INFO]    Payload: Тестовое сообщение номер 5

[2025-06-29 07:56:01][INFO] ✅ Сообщение 5 отправлено успешно

[2025-06-29 07:56:02][INFO] ✅ Отправка 5 сообщений завершена

[2025-06-29 07:56:02][INFO] 📥 Инициализация consumer'а...

[2025-06-29 07:56:02][INFO] Подписались на topic: test-topic

[2025-06-29 07:56:02][INFO] 🎧 Начинаем слушать сообщения...

[2025-06-29 07:56:02][INFO]    Нажмите Ctrl+C для остановки

[2025-06-29 07:56:02][INFO] ==================================

[2025-06-29 07:56:02][INFO] Начинаем чтение сообщений из topic: test-topic

[2025-06-29 07:56:02][INFO] Ожидаем сообщения...

[2025-06-29 07:56:02][INFO] 📨 Получено новое сообщение:

[2025-06-29 07:56:02][INFO]    Topic: test-topic

[2025-06-29 07:56:02][INFO]    Partition: 0

[2025-06-29 07:56:02][INFO]    Offset: 42

[2025-06-29 07:56:02][INFO]    Key: Some("test-key")

[2025-06-29 07:56:02][INFO]    Payload: Привет из Rust Kafka Producer! Это тестовое сообщение.

[2025-06-29 07:56:02][INFO]    Timestamp: 1751183759864

[2025-06-29 07:56:02][INFO]    ---

[2025-06-29 07:56:02][INFO] 📨 Получено новое сообщение:

[2025-06-29 07:56:02][INFO]    Topic: test-topic

[2025-06-29 07:56:02][INFO]    Partition: 0

[2025-06-29 07:56:02][INFO]    Offset: 43

[2025-06-29 07:56:02][INFO]    Key: Some("test-key-1")

[2025-06-29 07:56:02][INFO]    Payload: Тестовое сообщение номер 1

[2025-06-29 07:56:02][INFO]    Timestamp: 1751183759872

[2025-06-29 07:56:02][INFO]    ---

[2025-06-29 07:56:02][INFO] 📨 Получено новое сообщение:

[2025-06-29 07:56:02][INFO]    Topic: test-topic

[2025-06-29 07:56:02][INFO]    Partition: 0

[2025-06-29 07:56:02][INFO]    Offset: 44

[2025-06-29 07:56:02][INFO]    Key: Some("test-key-2")

[2025-06-29 07:56:02][INFO]    Payload: Тестовое сообщение номер 2

[2025-06-29 07:56:02][INFO]    Timestamp: 1751183760380

[2025-06-29 07:56:02][INFO]    ---

[2025-06-29 07:56:02][INFO] 📨 Получено новое сообщение:

[2025-06-29 07:56:02][INFO]    Topic: test-topic

[2025-06-29 07:56:02][INFO]    Partition: 0

[2025-06-29 07:56:02][INFO]    Offset: 45

[2025-06-29 07:56:02][INFO]    Key: Some("test-key-3")

[2025-06-29 07:56:02][INFO]    Payload: Тестовое сообщение номер 3

[2025-06-29 07:56:02][INFO]    Timestamp: 1751183760888

[2025-06-29 07:56:02][INFO]    ---

[2025-06-29 07:56:02][INFO] 📨 Получено новое сообщение:

[2025-06-29 07:56:02][INFO]    Topic: test-topic

[2025-06-29 07:56:02][INFO]    Partition: 0

[2025-06-29 07:56:02][INFO]    Offset: 46

[2025-06-29 07:56:02][INFO]    Key: Some("test-key-4")

[2025-06-29 07:56:02][INFO]    Payload: Тестовое сообщение номер 4

[2025-06-29 07:56:02][INFO]    Timestamp: 1751183761398

[2025-06-29 07:56:02][INFO]    ---

[2025-06-29 07:56:02][INFO] 📨 Получено новое сообщение:

[2025-06-29 07:56:02][INFO]    Topic: test-topic

[2025-06-29 07:56:02][INFO]    Partition: 0

[2025-06-29 07:56:02][INFO]    Offset: 47

[2025-06-29 07:56:02][INFO]    Key: Some("test-key-5")

[2025-06-29 07:56:02][INFO]    Payload: Тестовое сообщение номер 5

[2025-06-29 07:56:02][INFO]    Timestamp: 1751183761907

[2025-06-29 07:56:02][INFO]    ---

